<?xml version='1.0' encoding='UTF-8'?>
<testsuite hostname="DESKTOP-VPM3QEE" name="exercise1.TestFunctions" tests="3" errors="0" failures="0" skipped="0" time="0.031" timestamp="2020-06-08T19:12:17">
                     <properties>
[...]
</properties>
                     <testcase classname="exercise1.TestFunctions" name="testCircle: 2" time="0.031">
                                                 
                                               </testcase><testcase classname="exercise1.TestFunctions" name="testRectangleCurried: 2 and 3" time="0.0">
                                                 
                                               </testcase><testcase classname="exercise1.TestFunctions" name="testRectangleUc: 2 and 3" time="0.0">
                                                 
                                               </testcase>
                     <system-out><![CDATA[]]></system-out>
                     <system-err><![CDATA[]]></system-err>
                   </testsuite>